  Checksum_Protocol_Comparison.cpp
c:\users\artem\source\repos\checksum_protocol_comparison\checksum_protocol_comparison\checksum_protocol_comparison.cpp(12): warning C4018: <: несоответствие типов со знаком и без знака
c:\users\artem\source\repos\checksum_protocol_comparison\checksum_protocol_comparison\checksum_protocol_comparison.cpp(20): warning C4244: аргумент: преобразование "time_t" в "unsigned int", возможна потеря данных
  methods.cpp
c:\users\artem\source\repos\checksum_protocol_comparison\checksum_protocol_comparison\methods.cpp(16): warning C4018: <: несоответствие типов со знаком и без знака
c:\users\artem\source\repos\checksum_protocol_comparison\checksum_protocol_comparison\methods.cpp(58): warning C4244: инициализация: преобразование "double" в "int", возможна потеря данных
c:\users\artem\source\repos\checksum_protocol_comparison\checksum_protocol_comparison\methods.cpp(88): warning C4018: <: несоответствие типов со знаком и без знака
c:\users\artem\source\repos\checksum_protocol_comparison\checksum_protocol_comparison\methods.cpp(92): warning C4018: <: несоответствие типов со знаком и без знака
c:\users\artem\source\repos\checksum_protocol_comparison\checksum_protocol_comparison\methods.cpp(96): warning C4018: <: несоответствие типов со знаком и без знака
c:\users\artem\source\repos\checksum_protocol_comparison\checksum_protocol_comparison\methods.cpp(135): warning C4018: <: несоответствие типов со знаком и без знака
c:\users\artem\source\repos\checksum_protocol_comparison\checksum_protocol_comparison\methods.cpp(136): warning C4018: <: несоответствие типов со знаком и без знака
c:\users\artem\source\repos\checksum_protocol_comparison\checksum_protocol_comparison\methods.cpp(168): warning C4018: <: несоответствие типов со знаком и без знака
c:\users\artem\source\repos\checksum_protocol_comparison\checksum_protocol_comparison\methods.cpp(193): warning C4018: <: несоответствие типов со знаком и без знака
c:\users\artem\source\repos\checksum_protocol_comparison\checksum_protocol_comparison\methods.cpp(219): warning C4018: <: несоответствие типов со знаком и без знака
c:\users\artem\source\repos\checksum_protocol_comparison\checksum_protocol_comparison\methods.cpp(238): warning C4018: <: несоответствие типов со знаком и без знака
c:\users\artem\source\repos\checksum_protocol_comparison\checksum_protocol_comparison\methods.cpp(246): warning C4018: <: несоответствие типов со знаком и без знака
c:\users\artem\source\repos\checksum_protocol_comparison\checksum_protocol_comparison\methods.cpp(260): warning C4018: <: несоответствие типов со знаком и без знака
  Создание кода
  All 360 functions were compiled because no usable IPDB/IOBJ from previous compilation was found.
  Создание кода завершено
  Checksum_Protocol_Comparison.vcxproj -> C:\Users\Artem\source\repos\Checksum_Protocol_Comparison\Release\Checksum_Protocol_Comparison.exe
