  methods.cpp
c:\users\artem\source\repos\checksum protocol comparison\checksum protocol comparison\methods.cpp(16): warning C4018: <: несоответствие типов со знаком и без знака
c:\users\artem\source\repos\checksum protocol comparison\checksum protocol comparison\methods.cpp(27): warning C4018: <: несоответствие типов со знаком и без знака
c:\users\artem\source\repos\checksum protocol comparison\checksum protocol comparison\methods.cpp(40): warning C4018: <: несоответствие типов со знаком и без знака
c:\users\artem\source\repos\checksum protocol comparison\checksum protocol comparison\methods.cpp(68): warning C4244: инициализация: преобразование "double" в "int", возможна потеря данных
c:\users\artem\source\repos\checksum protocol comparison\checksum protocol comparison\methods.cpp(99): warning C4018: <: несоответствие типов со знаком и без знака
c:\users\artem\source\repos\checksum protocol comparison\checksum protocol comparison\methods.cpp(103): warning C4018: <: несоответствие типов со знаком и без знака
c:\users\artem\source\repos\checksum protocol comparison\checksum protocol comparison\methods.cpp(107): warning C4018: <: несоответствие типов со знаком и без знака
c:\users\artem\source\repos\checksum protocol comparison\checksum protocol comparison\methods.cpp(148): warning C4018: <: несоответствие типов со знаком и без знака
c:\users\artem\source\repos\checksum protocol comparison\checksum protocol comparison\methods.cpp(149): warning C4018: <: несоответствие типов со знаком и без знака
c:\users\artem\source\repos\checksum protocol comparison\checksum protocol comparison\methods.cpp(181): warning C4018: <: несоответствие типов со знаком и без знака
c:\users\artem\source\repos\checksum protocol comparison\checksum protocol comparison\methods.cpp(228): warning C4018: <: несоответствие типов со знаком и без знака
c:\users\artem\source\repos\checksum protocol comparison\checksum protocol comparison\methods.cpp(273): warning C4018: <: несоответствие типов со знаком и без знака
c:\users\artem\source\repos\checksum protocol comparison\checksum protocol comparison\methods.cpp(300): warning C4018: <: несоответствие типов со знаком и без знака
c:\users\artem\source\repos\checksum protocol comparison\checksum protocol comparison\methods.cpp(308): warning C4018: <: несоответствие типов со знаком и без знака
c:\users\artem\source\repos\checksum protocol comparison\checksum protocol comparison\methods.cpp(322): warning C4018: <: несоответствие типов со знаком и без знака
  Создание кода
  26 of 420 functions ( 6.2%) were compiled, the rest were copied from previous compilation.
    0 functions were new in current compilation
    45 functions had inline decision re-evaluated but remain unchanged
  Создание кода завершено
  Checksum Protocol Comparison.vcxproj -> C:\Users\Artem\source\repos\Checksum Protocol Comparison\Release\Checksum Protocol Comparison.exe
