  Checksum_Protocol_Comparison.cpp
c:\users\artem\source\repos\checksum protocol comparison\checksum protocol comparison\checksum_protocol_comparison.cpp(12): warning C4018: <: несоответствие типов со знаком и без знака
c:\users\artem\source\repos\checksum protocol comparison\checksum protocol comparison\checksum_protocol_comparison.cpp(20): warning C4244: аргумент: преобразование "time_t" в "unsigned int", возможна потеря данных
  methods.cpp
c:\users\artem\source\repos\checksum protocol comparison\checksum protocol comparison\methods.cpp(16): warning C4018: <: несоответствие типов со знаком и без знака
c:\users\artem\source\repos\checksum protocol comparison\checksum protocol comparison\methods.cpp(66): warning C4244: инициализация: преобразование "double" в "int", возможна потеря данных
c:\users\artem\source\repos\checksum protocol comparison\checksum protocol comparison\methods.cpp(96): warning C4018: <: несоответствие типов со знаком и без знака
c:\users\artem\source\repos\checksum protocol comparison\checksum protocol comparison\methods.cpp(100): warning C4018: <: несоответствие типов со знаком и без знака
c:\users\artem\source\repos\checksum protocol comparison\checksum protocol comparison\methods.cpp(104): warning C4018: <: несоответствие типов со знаком и без знака
c:\users\artem\source\repos\checksum protocol comparison\checksum protocol comparison\methods.cpp(145): warning C4018: <: несоответствие типов со знаком и без знака
c:\users\artem\source\repos\checksum protocol comparison\checksum protocol comparison\methods.cpp(146): warning C4018: <: несоответствие типов со знаком и без знака
c:\users\artem\source\repos\checksum protocol comparison\checksum protocol comparison\methods.cpp(178): warning C4018: <: несоответствие типов со знаком и без знака
c:\users\artem\source\repos\checksum protocol comparison\checksum protocol comparison\methods.cpp(225): warning C4018: <: несоответствие типов со знаком и без знака
c:\users\artem\source\repos\checksum protocol comparison\checksum protocol comparison\methods.cpp(259): warning C4018: <: несоответствие типов со знаком и без знака
c:\users\artem\source\repos\checksum protocol comparison\checksum protocol comparison\methods.cpp(286): warning C4018: <: несоответствие типов со знаком и без знака
c:\users\artem\source\repos\checksum protocol comparison\checksum protocol comparison\methods.cpp(294): warning C4018: <: несоответствие типов со знаком и без знака
c:\users\artem\source\repos\checksum protocol comparison\checksum protocol comparison\methods.cpp(308): warning C4018: <: несоответствие типов со знаком и без знака
  Создание кода
  185 of 357 functions (51.8%) were compiled, the rest were copied from previous compilation.
    12 functions were new in current compilation
    59 functions had inline decision re-evaluated but remain unchanged
  Создание кода завершено
  Checksum Protocol Comparison.vcxproj -> C:\Users\Artem\source\repos\Checksum Protocol Comparison\Release\Checksum Protocol Comparison.exe
